INFO:adobe.pdfservices.operation.pdfops.extract_pdf_operation:All validations successfully done. Beginning ExtractPDF operation execution
INFO:root:Downloading file to /tmp/sdk_result/20adc24673de11eea734cf9ee3e83307.zip
INFO:adobe.pdfservices.operation.pdfops.extract_pdf_operation:Extract Operation Successful - Transaction ID: da62288d-09ed-430b-a48a-30e5e1f3a2a7
INFO:adobe.pdfservices.operation.internal.io.file_ref_impl:Moving file at /tmp/sdk_result/20adc24673de11eea734cf9ee3e83307.zip to target /home/ubuntu/article-search/downloads_n_logs/tubitak_manual/sunday_1-3_tubitak/2_turkishjournalofveterinaryandanimalsciences/downloads/adobe_results.zip
INFO:googleapiclient.discovery_cache:file_cache is only supported with oauth2client<4.0.0
INFO:googleapiclient.discovery_cache:file_cache is only supported with oauth2client<4.0.0
INFO:googleapiclient.discovery_cache:file_cache is only supported with oauth2client<4.0.0
INFO:googleapiclient.discovery_cache:file_cache is only supported with oauth2client<4.0.0
INFO:googleapiclient.discovery_cache:file_cache is only supported with oauth2client<4.0.0
INFO:googleapiclient.discovery_cache:file_cache is only supported with oauth2client<4.0.0
INFO:googleapiclient.discovery_cache:file_cache is only supported with oauth2client<4.0.0
INFO:googleapiclient.discovery_cache:file_cache is only supported with oauth2client<4.0.0
INFO:googleapiclient.discovery_cache:file_cache is only supported with oauth2client<4.0.0
INFO:googleapiclient.discovery_cache:file_cache is only supported with oauth2client<4.0.0
INFO:googleapiclient.discovery_cache:file_cache is only supported with oauth2client<4.0.0
INFO:googleapiclient.discovery_cache:file_cache is only supported with oauth2client<4.0.0
INFO:googleapiclient.discovery_cache:file_cache is only supported with oauth2client<4.0.0
INFO:googleapiclient.discovery_cache:file_cache is only supported with oauth2client<4.0.0
INFO:googleapiclient.discovery_cache:file_cache is only supported with oauth2client<4.0.0
INFO:googleapiclient.discovery_cache:file_cache is only supported with oauth2client<4.0.0
INFO:googleapiclient.discovery_cache:file_cache is only supported with oauth2client<4.0.0
INFO:googleapiclient.discovery_cache:file_cache is only supported with oauth2client<4.0.0
INFO:googleapiclient.discovery_cache:file_cache is only supported with oauth2client<4.0.0
INFO:googleapiclient.discovery_cache:file_cache is only supported with oauth2client<4.0.0
INFO:googleapiclient.discovery_cache:file_cache is only supported with oauth2client<4.0.0
INFO:googleapiclient.discovery_cache:file_cache is only supported with oauth2client<4.0.0
INFO:googleapiclient.discovery_cache:file_cache is only supported with oauth2client<4.0.0
INFO:googleapiclient.discovery_cache:file_cache is only supported with oauth2client<4.0.0
INFO:googleapiclient.discovery_cache:file_cache is only supported with oauth2client<4.0.0
INFO:googleapiclient.discovery_cache:file_cache is only supported with oauth2client<4.0.0
INFO:googleapiclient.discovery_cache:file_cache is only supported with oauth2client<4.0.0
INFO:googleapiclient.discovery_cache:file_cache is only supported with oauth2client<4.0.0
INFO:googleapiclient.discovery_cache:file_cache is only supported with oauth2client<4.0.0
INFO:googleapiclient.discovery_cache:file_cache is only supported with oauth2client<4.0.0
INFO:googleapiclient.discovery_cache:file_cache is only supported with oauth2client<4.0.0
INFO:googleapiclient.discovery_cache:file_cache is only supported with oauth2client<4.0.0
INFO:googleapiclient.discovery_cache:file_cache is only supported with oauth2client<4.0.0
INFO:googleapiclient.discovery_cache:file_cache is only supported with oauth2client<4.0.0
INFO:googleapiclient.discovery_cache:file_cache is only supported with oauth2client<4.0.0
INFO:googleapiclient.discovery_cache:file_cache is only supported with oauth2client<4.0.0
INFO:googleapiclient.discovery_cache:file_cache is only supported with oauth2client<4.0.0
INFO:googleapiclient.discovery_cache:file_cache is only supported with oauth2client<4.0.0
INFO:googleapiclient.discovery_cache:file_cache is only supported with oauth2client<4.0.0
INFO:adobe.pdfservices.operation.pdfops.extract_pdf_operation:All validations successfully done. Beginning ExtractPDF operation execution
INFO:root:Downloading file to /tmp/sdk_result/61f67f4073de11eea734cf9ee3e83307.zip
INFO:adobe.pdfservices.operation.pdfops.extract_pdf_operation:Extract Operation Successful - Transaction ID: 26fa9e37-603f-4fc0-997a-1688f857a173
INFO:adobe.pdfservices.operation.internal.io.file_ref_impl:Moving file at /tmp/sdk_result/61f67f4073de11eea734cf9ee3e83307.zip to target /home/ubuntu/article-search/downloads_n_logs/tubitak_manual/sunday_1-3_tubitak/2_turkishjournalofveterinaryandanimalsciences/downloads/adobe_results.zip
INFO:googleapiclient.discovery_cache:file_cache is only supported with oauth2client<4.0.0
INFO:googleapiclient.discovery_cache:file_cache is only supported with oauth2client<4.0.0
INFO:googleapiclient.discovery_cache:file_cache is only supported with oauth2client<4.0.0
INFO:googleapiclient.discovery_cache:file_cache is only supported with oauth2client<4.0.0
INFO:googleapiclient.discovery_cache:file_cache is only supported with oauth2client<4.0.0
INFO:googleapiclient.discovery_cache:file_cache is only supported with oauth2client<4.0.0
INFO:googleapiclient.discovery_cache:file_cache is only supported with oauth2client<4.0.0
INFO:googleapiclient.discovery_cache:file_cache is only supported with oauth2client<4.0.0
INFO:googleapiclient.discovery_cache:file_cache is only supported with oauth2client<4.0.0
INFO:googleapiclient.discovery_cache:file_cache is only supported with oauth2client<4.0.0
INFO:googleapiclient.discovery_cache:file_cache is only supported with oauth2client<4.0.0
INFO:googleapiclient.discovery_cache:file_cache is only supported with oauth2client<4.0.0
INFO:googleapiclient.discovery_cache:file_cache is only supported with oauth2client<4.0.0
INFO:googleapiclient.discovery_cache:file_cache is only supported with oauth2client<4.0.0
INFO:googleapiclient.discovery_cache:file_cache is only supported with oauth2client<4.0.0
INFO:googleapiclient.discovery_cache:file_cache is only supported with oauth2client<4.0.0
INFO:googleapiclient.discovery_cache:file_cache is only supported with oauth2client<4.0.0
INFO:googleapiclient.discovery_cache:file_cache is only supported with oauth2client<4.0.0
INFO:googleapiclient.discovery_cache:file_cache is only supported with oauth2client<4.0.0
INFO:googleapiclient.discovery_cache:file_cache is only supported with oauth2client<4.0.0
INFO:googleapiclient.discovery_cache:file_cache is only supported with oauth2client<4.0.0
INFO:googleapiclient.discovery_cache:file_cache is only supported with oauth2client<4.0.0
INFO:googleapiclient.discovery_cache:file_cache is only supported with oauth2client<4.0.0
INFO:googleapiclient.discovery_cache:file_cache is only supported with oauth2client<4.0.0
INFO:googleapiclient.discovery_cache:file_cache is only supported with oauth2client<4.0.0
INFO:adobe.pdfservices.operation.pdfops.extract_pdf_operation:All validations successfully done. Beginning ExtractPDF operation execution
INFO:root:Downloading file to /tmp/sdk_result/9d2c432e73de11eea734cf9ee3e83307.zip
INFO:adobe.pdfservices.operation.pdfops.extract_pdf_operation:Extract Operation Successful - Transaction ID: 8eb0b7c1-4eaf-4e7d-b682-204c20675e54
INFO:adobe.pdfservices.operation.internal.io.file_ref_impl:Moving file at /tmp/sdk_result/9d2c432e73de11eea734cf9ee3e83307.zip to target /home/ubuntu/article-search/downloads_n_logs/tubitak_manual/sunday_1-3_tubitak/2_turkishjournalofveterinaryandanimalsciences/downloads/adobe_results.zip
INFO:googleapiclient.discovery_cache:file_cache is only supported with oauth2client<4.0.0
INFO:googleapiclient.discovery_cache:file_cache is only supported with oauth2client<4.0.0
INFO:googleapiclient.discovery_cache:file_cache is only supported with oauth2client<4.0.0
INFO:googleapiclient.discovery_cache:file_cache is only supported with oauth2client<4.0.0
INFO:googleapiclient.discovery_cache:file_cache is only supported with oauth2client<4.0.0
INFO:googleapiclient.discovery_cache:file_cache is only supported with oauth2client<4.0.0
INFO:googleapiclient.discovery_cache:file_cache is only supported with oauth2client<4.0.0
INFO:googleapiclient.discovery_cache:file_cache is only supported with oauth2client<4.0.0
INFO:googleapiclient.discovery_cache:file_cache is only supported with oauth2client<4.0.0
INFO:googleapiclient.discovery_cache:file_cache is only supported with oauth2client<4.0.0
INFO:googleapiclient.discovery_cache:file_cache is only supported with oauth2client<4.0.0
INFO:googleapiclient.discovery_cache:file_cache is only supported with oauth2client<4.0.0
INFO:googleapiclient.discovery_cache:file_cache is only supported with oauth2client<4.0.0
INFO:googleapiclient.discovery_cache:file_cache is only supported with oauth2client<4.0.0
INFO:googleapiclient.discovery_cache:file_cache is only supported with oauth2client<4.0.0
INFO:googleapiclient.discovery_cache:file_cache is only supported with oauth2client<4.0.0
INFO:googleapiclient.discovery_cache:file_cache is only supported with oauth2client<4.0.0
INFO:googleapiclient.discovery_cache:file_cache is only supported with oauth2client<4.0.0
INFO:googleapiclient.discovery_cache:file_cache is only supported with oauth2client<4.0.0
INFO:googleapiclient.discovery_cache:file_cache is only supported with oauth2client<4.0.0
INFO:googleapiclient.discovery_cache:file_cache is only supported with oauth2client<4.0.0
INFO:googleapiclient.discovery_cache:file_cache is only supported with oauth2client<4.0.0
INFO:googleapiclient.discovery_cache:file_cache is only supported with oauth2client<4.0.0
INFO:googleapiclient.discovery_cache:file_cache is only supported with oauth2client<4.0.0
INFO:googleapiclient.discovery_cache:file_cache is only supported with oauth2client<4.0.0
INFO:googleapiclient.discovery_cache:file_cache is only supported with oauth2client<4.0.0
INFO:googleapiclient.discovery_cache:file_cache is only supported with oauth2client<4.0.0
INFO:googleapiclient.discovery_cache:file_cache is only supported with oauth2client<4.0.0
INFO:googleapiclient.discovery_cache:file_cache is only supported with oauth2client<4.0.0
INFO:googleapiclient.discovery_cache:file_cache is only supported with oauth2client<4.0.0
INFO:googleapiclient.discovery_cache:file_cache is only supported with oauth2client<4.0.0
INFO:googleapiclient.discovery_cache:file_cache is only supported with oauth2client<4.0.0
INFO:googleapiclient.discovery_cache:file_cache is only supported with oauth2client<4.0.0
INFO:googleapiclient.discovery_cache:file_cache is only supported with oauth2client<4.0.0
INFO:googleapiclient.discovery_cache:file_cache is only supported with oauth2client<4.0.0
INFO:googleapiclient.discovery_cache:file_cache is only supported with oauth2client<4.0.0
INFO:googleapiclient.discovery_cache:file_cache is only supported with oauth2client<4.0.0
INFO:googleapiclient.discovery_cache:file_cache is only supported with oauth2client<4.0.0
INFO:googleapiclient.discovery_cache:file_cache is only supported with oauth2client<4.0.0
INFO:googleapiclient.discovery_cache:file_cache is only supported with oauth2client<4.0.0
INFO:googleapiclient.discovery_cache:file_cache is only supported with oauth2client<4.0.0
INFO:adobe.pdfservices.operation.pdfops.extract_pdf_operation:All validations successfully done. Beginning ExtractPDF operation execution
INFO:root:Downloading file to /tmp/sdk_result/ddee6aea73de11eea734cf9ee3e83307.zip
INFO:adobe.pdfservices.operation.pdfops.extract_pdf_operation:Extract Operation Successful - Transaction ID: 77f73202-4042-44de-8a82-b14a48e94db2
INFO:adobe.pdfservices.operation.internal.io.file_ref_impl:Moving file at /tmp/sdk_result/ddee6aea73de11eea734cf9ee3e83307.zip to target /home/ubuntu/article-search/downloads_n_logs/tubitak_manual/sunday_1-3_tubitak/2_turkishjournalofveterinaryandanimalsciences/downloads/adobe_results.zip
INFO:googleapiclient.discovery_cache:file_cache is only supported with oauth2client<4.0.0
INFO:googleapiclient.discovery_cache:file_cache is only supported with oauth2client<4.0.0
INFO:googleapiclient.discovery_cache:file_cache is only supported with oauth2client<4.0.0
INFO:googleapiclient.discovery_cache:file_cache is only supported with oauth2client<4.0.0
INFO:googleapiclient.discovery_cache:file_cache is only supported with oauth2client<4.0.0
INFO:googleapiclient.discovery_cache:file_cache is only supported with oauth2client<4.0.0
INFO:googleapiclient.discovery_cache:file_cache is only supported with oauth2client<4.0.0
INFO:googleapiclient.discovery_cache:file_cache is only supported with oauth2client<4.0.0
INFO:googleapiclient.discovery_cache:file_cache is only supported with oauth2client<4.0.0
INFO:googleapiclient.discovery_cache:file_cache is only supported with oauth2client<4.0.0
INFO:googleapiclient.discovery_cache:file_cache is only supported with oauth2client<4.0.0
INFO:googleapiclient.discovery_cache:file_cache is only supported with oauth2client<4.0.0
INFO:googleapiclient.discovery_cache:file_cache is only supported with oauth2client<4.0.0
INFO:googleapiclient.discovery_cache:file_cache is only supported with oauth2client<4.0.0
INFO:googleapiclient.discovery_cache:file_cache is only supported with oauth2client<4.0.0
INFO:googleapiclient.discovery_cache:file_cache is only supported with oauth2client<4.0.0
INFO:googleapiclient.discovery_cache:file_cache is only supported with oauth2client<4.0.0
INFO:googleapiclient.discovery_cache:file_cache is only supported with oauth2client<4.0.0
INFO:googleapiclient.discovery_cache:file_cache is only supported with oauth2client<4.0.0
INFO:googleapiclient.discovery_cache:file_cache is only supported with oauth2client<4.0.0
INFO:googleapiclient.discovery_cache:file_cache is only supported with oauth2client<4.0.0
INFO:googleapiclient.discovery_cache:file_cache is only supported with oauth2client<4.0.0
INFO:googleapiclient.discovery_cache:file_cache is only supported with oauth2client<4.0.0
INFO:googleapiclient.discovery_cache:file_cache is only supported with oauth2client<4.0.0
INFO:googleapiclient.discovery_cache:file_cache is only supported with oauth2client<4.0.0
INFO:googleapiclient.discovery_cache:file_cache is only supported with oauth2client<4.0.0
INFO:googleapiclient.discovery_cache:file_cache is only supported with oauth2client<4.0.0
INFO:googleapiclient.discovery_cache:file_cache is only supported with oauth2client<4.0.0
INFO:googleapiclient.discovery_cache:file_cache is only supported with oauth2client<4.0.0
INFO:googleapiclient.discovery_cache:file_cache is only supported with oauth2client<4.0.0
INFO:googleapiclient.discovery_cache:file_cache is only supported with oauth2client<4.0.0
INFO:googleapiclient.discovery_cache:file_cache is only supported with oauth2client<4.0.0
INFO:googleapiclient.discovery_cache:file_cache is only supported with oauth2client<4.0.0
INFO:googleapiclient.discovery_cache:file_cache is only supported with oauth2client<4.0.0
INFO:googleapiclient.discovery_cache:file_cache is only supported with oauth2client<4.0.0
INFO:googleapiclient.discovery_cache:file_cache is only supported with oauth2client<4.0.0
INFO:googleapiclient.discovery_cache:file_cache is only supported with oauth2client<4.0.0
INFO:googleapiclient.discovery_cache:file_cache is only supported with oauth2client<4.0.0
INFO:googleapiclient.discovery_cache:file_cache is only supported with oauth2client<4.0.0
INFO:googleapiclient.discovery_cache:file_cache is only supported with oauth2client<4.0.0
INFO:googleapiclient.discovery_cache:file_cache is only supported with oauth2client<4.0.0
INFO:googleapiclient.discovery_cache:file_cache is only supported with oauth2client<4.0.0
INFO:googleapiclient.discovery_cache:file_cache is only supported with oauth2client<4.0.0
INFO:googleapiclient.discovery_cache:file_cache is only supported with oauth2client<4.0.0
INFO:googleapiclient.discovery_cache:file_cache is only supported with oauth2client<4.0.0
INFO:googleapiclient.discovery_cache:file_cache is only supported with oauth2client<4.0.0
INFO:googleapiclient.discovery_cache:file_cache is only supported with oauth2client<4.0.0
INFO:googleapiclient.discovery_cache:file_cache is only supported with oauth2client<4.0.0
INFO:googleapiclient.discovery_cache:file_cache is only supported with oauth2client<4.0.0
INFO:googleapiclient.discovery_cache:file_cache is only supported with oauth2client<4.0.0
INFO:googleapiclient.discovery_cache:file_cache is only supported with oauth2client<4.0.0
INFO:googleapiclient.discovery_cache:file_cache is only supported with oauth2client<4.0.0
INFO:googleapiclient.discovery_cache:file_cache is only supported with oauth2client<4.0.0
INFO:googleapiclient.discovery_cache:file_cache is only supported with oauth2client<4.0.0
INFO:adobe.pdfservices.operation.pdfops.extract_pdf_operation:All validations successfully done. Beginning ExtractPDF operation execution
INFO:root:Downloading file to /tmp/sdk_result/1c5def5873df11eea734cf9ee3e83307.zip
INFO:adobe.pdfservices.operation.pdfops.extract_pdf_operation:Extract Operation Successful - Transaction ID: c465dc32-4a08-4d92-9ead-6c48afb276df
INFO:adobe.pdfservices.operation.internal.io.file_ref_impl:Moving file at /tmp/sdk_result/1c5def5873df11eea734cf9ee3e83307.zip to target /home/ubuntu/article-search/downloads_n_logs/tubitak_manual/sunday_1-3_tubitak/2_turkishjournalofveterinaryandanimalsciences/downloads/adobe_results.zip
INFO:googleapiclient.discovery_cache:file_cache is only supported with oauth2client<4.0.0
INFO:googleapiclient.discovery_cache:file_cache is only supported with oauth2client<4.0.0
INFO:googleapiclient.discovery_cache:file_cache is only supported with oauth2client<4.0.0
INFO:googleapiclient.discovery_cache:file_cache is only supported with oauth2client<4.0.0
INFO:googleapiclient.discovery_cache:file_cache is only supported with oauth2client<4.0.0
INFO:googleapiclient.discovery_cache:file_cache is only supported with oauth2client<4.0.0
INFO:googleapiclient.discovery_cache:file_cache is only supported with oauth2client<4.0.0
INFO:googleapiclient.discovery_cache:file_cache is only supported with oauth2client<4.0.0
INFO:googleapiclient.discovery_cache:file_cache is only supported with oauth2client<4.0.0
INFO:googleapiclient.discovery_cache:file_cache is only supported with oauth2client<4.0.0
INFO:googleapiclient.discovery_cache:file_cache is only supported with oauth2client<4.0.0
INFO:googleapiclient.discovery_cache:file_cache is only supported with oauth2client<4.0.0
INFO:googleapiclient.discovery_cache:file_cache is only supported with oauth2client<4.0.0
INFO:googleapiclient.discovery_cache:file_cache is only supported with oauth2client<4.0.0
INFO:googleapiclient.discovery_cache:file_cache is only supported with oauth2client<4.0.0
INFO:googleapiclient.discovery_cache:file_cache is only supported with oauth2client<4.0.0
INFO:googleapiclient.discovery_cache:file_cache is only supported with oauth2client<4.0.0
INFO:googleapiclient.discovery_cache:file_cache is only supported with oauth2client<4.0.0
INFO:googleapiclient.discovery_cache:file_cache is only supported with oauth2client<4.0.0
INFO:googleapiclient.discovery_cache:file_cache is only supported with oauth2client<4.0.0
INFO:googleapiclient.discovery_cache:file_cache is only supported with oauth2client<4.0.0
INFO:googleapiclient.discovery_cache:file_cache is only supported with oauth2client<4.0.0
INFO:googleapiclient.discovery_cache:file_cache is only supported with oauth2client<4.0.0
INFO:googleapiclient.discovery_cache:file_cache is only supported with oauth2client<4.0.0
INFO:googleapiclient.discovery_cache:file_cache is only supported with oauth2client<4.0.0
INFO:googleapiclient.discovery_cache:file_cache is only supported with oauth2client<4.0.0
INFO:googleapiclient.discovery_cache:file_cache is only supported with oauth2client<4.0.0
INFO:googleapiclient.discovery_cache:file_cache is only supported with oauth2client<4.0.0
INFO:googleapiclient.discovery_cache:file_cache is only supported with oauth2client<4.0.0
INFO:googleapiclient.discovery_cache:file_cache is only supported with oauth2client<4.0.0
INFO:googleapiclient.discovery_cache:file_cache is only supported with oauth2client<4.0.0
INFO:googleapiclient.discovery_cache:file_cache is only supported with oauth2client<4.0.0
INFO:googleapiclient.discovery_cache:file_cache is only supported with oauth2client<4.0.0
INFO:googleapiclient.discovery_cache:file_cache is only supported with oauth2client<4.0.0
INFO:googleapiclient.discovery_cache:file_cache is only supported with oauth2client<4.0.0
INFO:googleapiclient.discovery_cache:file_cache is only supported with oauth2client<4.0.0
INFO:googleapiclient.discovery_cache:file_cache is only supported with oauth2client<4.0.0
INFO:googleapiclient.discovery_cache:file_cache is only supported with oauth2client<4.0.0
INFO:googleapiclient.discovery_cache:file_cache is only supported with oauth2client<4.0.0
INFO:googleapiclient.discovery_cache:file_cache is only supported with oauth2client<4.0.0
INFO:googleapiclient.discovery_cache:file_cache is only supported with oauth2client<4.0.0
INFO:googleapiclient.discovery_cache:file_cache is only supported with oauth2client<4.0.0
INFO:googleapiclient.discovery_cache:file_cache is only supported with oauth2client<4.0.0
INFO:adobe.pdfservices.operation.pdfops.extract_pdf_operation:All validations successfully done. Beginning ExtractPDF operation execution
INFO:root:Downloading file to /tmp/sdk_result/57ff9e5873df11eea734cf9ee3e83307.zip
INFO:adobe.pdfservices.operation.pdfops.extract_pdf_operation:Extract Operation Successful - Transaction ID: 265b3a14-a7a6-4329-8124-770db5e99531
INFO:adobe.pdfservices.operation.internal.io.file_ref_impl:Moving file at /tmp/sdk_result/57ff9e5873df11eea734cf9ee3e83307.zip to target /home/ubuntu/article-search/downloads_n_logs/tubitak_manual/sunday_1-3_tubitak/2_turkishjournalofveterinaryandanimalsciences/downloads/adobe_results.zip
INFO:googleapiclient.discovery_cache:file_cache is only supported with oauth2client<4.0.0
INFO:googleapiclient.discovery_cache:file_cache is only supported with oauth2client<4.0.0
INFO:googleapiclient.discovery_cache:file_cache is only supported with oauth2client<4.0.0
INFO:googleapiclient.discovery_cache:file_cache is only supported with oauth2client<4.0.0
INFO:googleapiclient.discovery_cache:file_cache is only supported with oauth2client<4.0.0
INFO:googleapiclient.discovery_cache:file_cache is only supported with oauth2client<4.0.0
INFO:googleapiclient.discovery_cache:file_cache is only supported with oauth2client<4.0.0
INFO:googleapiclient.discovery_cache:file_cache is only supported with oauth2client<4.0.0
INFO:googleapiclient.discovery_cache:file_cache is only supported with oauth2client<4.0.0
INFO:googleapiclient.discovery_cache:file_cache is only supported with oauth2client<4.0.0
INFO:googleapiclient.discovery_cache:file_cache is only supported with oauth2client<4.0.0
INFO:googleapiclient.discovery_cache:file_cache is only supported with oauth2client<4.0.0
INFO:googleapiclient.discovery_cache:file_cache is only supported with oauth2client<4.0.0
INFO:googleapiclient.discovery_cache:file_cache is only supported with oauth2client<4.0.0
INFO:googleapiclient.discovery_cache:file_cache is only supported with oauth2client<4.0.0
INFO:googleapiclient.discovery_cache:file_cache is only supported with oauth2client<4.0.0
INFO:googleapiclient.discovery_cache:file_cache is only supported with oauth2client<4.0.0
INFO:googleapiclient.discovery_cache:file_cache is only supported with oauth2client<4.0.0
INFO:googleapiclient.discovery_cache:file_cache is only supported with oauth2client<4.0.0
INFO:googleapiclient.discovery_cache:file_cache is only supported with oauth2client<4.0.0
INFO:googleapiclient.discovery_cache:file_cache is only supported with oauth2client<4.0.0
INFO:googleapiclient.discovery_cache:file_cache is only supported with oauth2client<4.0.0
INFO:googleapiclient.discovery_cache:file_cache is only supported with oauth2client<4.0.0
INFO:googleapiclient.discovery_cache:file_cache is only supported with oauth2client<4.0.0
INFO:googleapiclient.discovery_cache:file_cache is only supported with oauth2client<4.0.0
INFO:googleapiclient.discovery_cache:file_cache is only supported with oauth2client<4.0.0
INFO:googleapiclient.discovery_cache:file_cache is only supported with oauth2client<4.0.0
INFO:googleapiclient.discovery_cache:file_cache is only supported with oauth2client<4.0.0
INFO:googleapiclient.discovery_cache:file_cache is only supported with oauth2client<4.0.0
INFO:googleapiclient.discovery_cache:file_cache is only supported with oauth2client<4.0.0
INFO:googleapiclient.discovery_cache:file_cache is only supported with oauth2client<4.0.0
INFO:googleapiclient.discovery_cache:file_cache is only supported with oauth2client<4.0.0
INFO:googleapiclient.discovery_cache:file_cache is only supported with oauth2client<4.0.0
INFO:googleapiclient.discovery_cache:file_cache is only supported with oauth2client<4.0.0
INFO:googleapiclient.discovery_cache:file_cache is only supported with oauth2client<4.0.0
INFO:googleapiclient.discovery_cache:file_cache is only supported with oauth2client<4.0.0
INFO:googleapiclient.discovery_cache:file_cache is only supported with oauth2client<4.0.0
INFO:adobe.pdfservices.operation.pdfops.extract_pdf_operation:All validations successfully done. Beginning ExtractPDF operation execution
INFO:root:Downloading file to /tmp/sdk_result/9135a0e673df11eea734cf9ee3e83307.zip
INFO:adobe.pdfservices.operation.pdfops.extract_pdf_operation:Extract Operation Successful - Transaction ID: c8b8d8cf-0ee7-43db-9903-cadcedf81649
INFO:adobe.pdfservices.operation.internal.io.file_ref_impl:Moving file at /tmp/sdk_result/9135a0e673df11eea734cf9ee3e83307.zip to target /home/ubuntu/article-search/downloads_n_logs/tubitak_manual/sunday_1-3_tubitak/2_turkishjournalofveterinaryandanimalsciences/downloads/adobe_results.zip
INFO:googleapiclient.discovery_cache:file_cache is only supported with oauth2client<4.0.0
INFO:googleapiclient.discovery_cache:file_cache is only supported with oauth2client<4.0.0
INFO:googleapiclient.discovery_cache:file_cache is only supported with oauth2client<4.0.0
INFO:googleapiclient.discovery_cache:file_cache is only supported with oauth2client<4.0.0
INFO:googleapiclient.discovery_cache:file_cache is only supported with oauth2client<4.0.0
INFO:googleapiclient.discovery_cache:file_cache is only supported with oauth2client<4.0.0
INFO:googleapiclient.discovery_cache:file_cache is only supported with oauth2client<4.0.0
INFO:googleapiclient.discovery_cache:file_cache is only supported with oauth2client<4.0.0
INFO:googleapiclient.discovery_cache:file_cache is only supported with oauth2client<4.0.0
INFO:googleapiclient.discovery_cache:file_cache is only supported with oauth2client<4.0.0
INFO:googleapiclient.discovery_cache:file_cache is only supported with oauth2client<4.0.0
INFO:googleapiclient.discovery_cache:file_cache is only supported with oauth2client<4.0.0
INFO:googleapiclient.discovery_cache:file_cache is only supported with oauth2client<4.0.0
INFO:googleapiclient.discovery_cache:file_cache is only supported with oauth2client<4.0.0
INFO:googleapiclient.discovery_cache:file_cache is only supported with oauth2client<4.0.0
INFO:googleapiclient.discovery_cache:file_cache is only supported with oauth2client<4.0.0
INFO:googleapiclient.discovery_cache:file_cache is only supported with oauth2client<4.0.0
INFO:googleapiclient.discovery_cache:file_cache is only supported with oauth2client<4.0.0
INFO:googleapiclient.discovery_cache:file_cache is only supported with oauth2client<4.0.0
INFO:googleapiclient.discovery_cache:file_cache is only supported with oauth2client<4.0.0
INFO:googleapiclient.discovery_cache:file_cache is only supported with oauth2client<4.0.0
INFO:googleapiclient.discovery_cache:file_cache is only supported with oauth2client<4.0.0
INFO:googleapiclient.discovery_cache:file_cache is only supported with oauth2client<4.0.0
INFO:googleapiclient.discovery_cache:file_cache is only supported with oauth2client<4.0.0
INFO:googleapiclient.discovery_cache:file_cache is only supported with oauth2client<4.0.0
INFO:googleapiclient.discovery_cache:file_cache is only supported with oauth2client<4.0.0
INFO:googleapiclient.discovery_cache:file_cache is only supported with oauth2client<4.0.0
INFO:googleapiclient.discovery_cache:file_cache is only supported with oauth2client<4.0.0
INFO:googleapiclient.discovery_cache:file_cache is only supported with oauth2client<4.0.0
INFO:googleapiclient.discovery_cache:file_cache is only supported with oauth2client<4.0.0
INFO:googleapiclient.discovery_cache:file_cache is only supported with oauth2client<4.0.0
INFO:googleapiclient.discovery_cache:file_cache is only supported with oauth2client<4.0.0
INFO:googleapiclient.discovery_cache:file_cache is only supported with oauth2client<4.0.0
INFO:googleapiclient.discovery_cache:file_cache is only supported with oauth2client<4.0.0
INFO:googleapiclient.discovery_cache:file_cache is only supported with oauth2client<4.0.0
INFO:googleapiclient.discovery_cache:file_cache is only supported with oauth2client<4.0.0
INFO:googleapiclient.discovery_cache:file_cache is only supported with oauth2client<4.0.0
INFO:googleapiclient.discovery_cache:file_cache is only supported with oauth2client<4.0.0
INFO:googleapiclient.discovery_cache:file_cache is only supported with oauth2client<4.0.0
INFO:googleapiclient.discovery_cache:file_cache is only supported with oauth2client<4.0.0
INFO:googleapiclient.discovery_cache:file_cache is only supported with oauth2client<4.0.0
INFO:googleapiclient.discovery_cache:file_cache is only supported with oauth2client<4.0.0
INFO:googleapiclient.discovery_cache:file_cache is only supported with oauth2client<4.0.0
INFO:googleapiclient.discovery_cache:file_cache is only supported with oauth2client<4.0.0
INFO:googleapiclient.discovery_cache:file_cache is only supported with oauth2client<4.0.0
INFO:googleapiclient.discovery_cache:file_cache is only supported with oauth2client<4.0.0
INFO:googleapiclient.discovery_cache:file_cache is only supported with oauth2client<4.0.0
INFO:googleapiclient.discovery_cache:file_cache is only supported with oauth2client<4.0.0
INFO:googleapiclient.discovery_cache:file_cache is only supported with oauth2client<4.0.0
INFO:adobe.pdfservices.operation.pdfops.extract_pdf_operation:All validations successfully done. Beginning ExtractPDF operation execution
INFO:root:Downloading file to /tmp/sdk_result/ce2aa0c873df11eea734cf9ee3e83307.zip
INFO:adobe.pdfservices.operation.pdfops.extract_pdf_operation:Extract Operation Successful - Transaction ID: fb21aa82-3a4f-4d9e-bf50-22eb5d202abc
INFO:adobe.pdfservices.operation.internal.io.file_ref_impl:Moving file at /tmp/sdk_result/ce2aa0c873df11eea734cf9ee3e83307.zip to target /home/ubuntu/article-search/downloads_n_logs/tubitak_manual/sunday_1-3_tubitak/2_turkishjournalofveterinaryandanimalsciences/downloads/adobe_results.zip
INFO:googleapiclient.discovery_cache:file_cache is only supported with oauth2client<4.0.0
INFO:googleapiclient.discovery_cache:file_cache is only supported with oauth2client<4.0.0
INFO:googleapiclient.discovery_cache:file_cache is only supported with oauth2client<4.0.0
INFO:googleapiclient.discovery_cache:file_cache is only supported with oauth2client<4.0.0
INFO:googleapiclient.discovery_cache:file_cache is only supported with oauth2client<4.0.0
INFO:googleapiclient.discovery_cache:file_cache is only supported with oauth2client<4.0.0
INFO:googleapiclient.discovery_cache:file_cache is only supported with oauth2client<4.0.0
INFO:googleapiclient.discovery_cache:file_cache is only supported with oauth2client<4.0.0
INFO:googleapiclient.discovery_cache:file_cache is only supported with oauth2client<4.0.0
INFO:googleapiclient.discovery_cache:file_cache is only supported with oauth2client<4.0.0
INFO:googleapiclient.discovery_cache:file_cache is only supported with oauth2client<4.0.0
INFO:googleapiclient.discovery_cache:file_cache is only supported with oauth2client<4.0.0
INFO:googleapiclient.discovery_cache:file_cache is only supported with oauth2client<4.0.0
INFO:googleapiclient.discovery_cache:file_cache is only supported with oauth2client<4.0.0
INFO:googleapiclient.discovery_cache:file_cache is only supported with oauth2client<4.0.0
INFO:googleapiclient.discovery_cache:file_cache is only supported with oauth2client<4.0.0
INFO:googleapiclient.discovery_cache:file_cache is only supported with oauth2client<4.0.0
INFO:googleapiclient.discovery_cache:file_cache is only supported with oauth2client<4.0.0
INFO:googleapiclient.discovery_cache:file_cache is only supported with oauth2client<4.0.0
INFO:googleapiclient.discovery_cache:file_cache is only supported with oauth2client<4.0.0
INFO:googleapiclient.discovery_cache:file_cache is only supported with oauth2client<4.0.0
INFO:googleapiclient.discovery_cache:file_cache is only supported with oauth2client<4.0.0
INFO:googleapiclient.discovery_cache:file_cache is only supported with oauth2client<4.0.0
INFO:googleapiclient.discovery_cache:file_cache is only supported with oauth2client<4.0.0
INFO:googleapiclient.discovery_cache:file_cache is only supported with oauth2client<4.0.0
INFO:googleapiclient.discovery_cache:file_cache is only supported with oauth2client<4.0.0
INFO:googleapiclient.discovery_cache:file_cache is only supported with oauth2client<4.0.0
INFO:adobe.pdfservices.operation.pdfops.extract_pdf_operation:All validations successfully done. Beginning ExtractPDF operation execution
INFO:root:Downloading file to /tmp/sdk_result/04aa345673e011eea734cf9ee3e83307.zip
INFO:adobe.pdfservices.operation.pdfops.extract_pdf_operation:Extract Operation Successful - Transaction ID: 08b00b89-a1ae-4e3f-8d11-2e65dc2b1b9d
INFO:adobe.pdfservices.operation.internal.io.file_ref_impl:Moving file at /tmp/sdk_result/04aa345673e011eea734cf9ee3e83307.zip to target /home/ubuntu/article-search/downloads_n_logs/tubitak_manual/sunday_1-3_tubitak/2_turkishjournalofveterinaryandanimalsciences/downloads/adobe_results.zip
INFO:googleapiclient.discovery_cache:file_cache is only supported with oauth2client<4.0.0
INFO:googleapiclient.discovery_cache:file_cache is only supported with oauth2client<4.0.0
INFO:googleapiclient.discovery_cache:file_cache is only supported with oauth2client<4.0.0
INFO:googleapiclient.discovery_cache:file_cache is only supported with oauth2client<4.0.0
INFO:googleapiclient.discovery_cache:file_cache is only supported with oauth2client<4.0.0
INFO:googleapiclient.discovery_cache:file_cache is only supported with oauth2client<4.0.0
INFO:googleapiclient.discovery_cache:file_cache is only supported with oauth2client<4.0.0
INFO:googleapiclient.discovery_cache:file_cache is only supported with oauth2client<4.0.0
INFO:googleapiclient.discovery_cache:file_cache is only supported with oauth2client<4.0.0
INFO:googleapiclient.discovery_cache:file_cache is only supported with oauth2client<4.0.0
INFO:googleapiclient.discovery_cache:file_cache is only supported with oauth2client<4.0.0
INFO:googleapiclient.discovery_cache:file_cache is only supported with oauth2client<4.0.0
INFO:googleapiclient.discovery_cache:file_cache is only supported with oauth2client<4.0.0
INFO:googleapiclient.discovery_cache:file_cache is only supported with oauth2client<4.0.0
INFO:googleapiclient.discovery_cache:file_cache is only supported with oauth2client<4.0.0
INFO:googleapiclient.discovery_cache:file_cache is only supported with oauth2client<4.0.0
INFO:googleapiclient.discovery_cache:file_cache is only supported with oauth2client<4.0.0
INFO:googleapiclient.discovery_cache:file_cache is only supported with oauth2client<4.0.0
INFO:googleapiclient.discovery_cache:file_cache is only supported with oauth2client<4.0.0
INFO:googleapiclient.discovery_cache:file_cache is only supported with oauth2client<4.0.0
INFO:googleapiclient.discovery_cache:file_cache is only supported with oauth2client<4.0.0
INFO:googleapiclient.discovery_cache:file_cache is only supported with oauth2client<4.0.0
INFO:googleapiclient.discovery_cache:file_cache is only supported with oauth2client<4.0.0
INFO:googleapiclient.discovery_cache:file_cache is only supported with oauth2client<4.0.0
INFO:googleapiclient.discovery_cache:file_cache is only supported with oauth2client<4.0.0
INFO:googleapiclient.discovery_cache:file_cache is only supported with oauth2client<4.0.0
INFO:googleapiclient.discovery_cache:file_cache is only supported with oauth2client<4.0.0
INFO:googleapiclient.discovery_cache:file_cache is only supported with oauth2client<4.0.0
INFO:googleapiclient.discovery_cache:file_cache is only supported with oauth2client<4.0.0
INFO:googleapiclient.discovery_cache:file_cache is only supported with oauth2client<4.0.0
INFO:googleapiclient.discovery_cache:file_cache is only supported with oauth2client<4.0.0
INFO:googleapiclient.discovery_cache:file_cache is only supported with oauth2client<4.0.0
INFO:googleapiclient.discovery_cache:file_cache is only supported with oauth2client<4.0.0
INFO:googleapiclient.discovery_cache:file_cache is only supported with oauth2client<4.0.0
INFO:googleapiclient.discovery_cache:file_cache is only supported with oauth2client<4.0.0
INFO:googleapiclient.discovery_cache:file_cache is only supported with oauth2client<4.0.0
INFO:googleapiclient.discovery_cache:file_cache is only supported with oauth2client<4.0.0
INFO:googleapiclient.discovery_cache:file_cache is only supported with oauth2client<4.0.0
INFO:googleapiclient.discovery_cache:file_cache is only supported with oauth2client<4.0.0
INFO:googleapiclient.discovery_cache:file_cache is only supported with oauth2client<4.0.0
INFO:googleapiclient.discovery_cache:file_cache is only supported with oauth2client<4.0.0
INFO:googleapiclient.discovery_cache:file_cache is only supported with oauth2client<4.0.0
INFO:googleapiclient.discovery_cache:file_cache is only supported with oauth2client<4.0.0
INFO:googleapiclient.discovery_cache:file_cache is only supported with oauth2client<4.0.0
INFO:googleapiclient.discovery_cache:file_cache is only supported with oauth2client<4.0.0
INFO:googleapiclient.discovery_cache:file_cache is only supported with oauth2client<4.0.0
INFO:googleapiclient.discovery_cache:file_cache is only supported with oauth2client<4.0.0
INFO:googleapiclient.discovery_cache:file_cache is only supported with oauth2client<4.0.0
INFO:googleapiclient.discovery_cache:file_cache is only supported with oauth2client<4.0.0
INFO:googleapiclient.discovery_cache:file_cache is only supported with oauth2client<4.0.0
